<?xml version="1.0" encoding="UTF-8"?>
<testsuite xmlns:xsi="http://www.w3.org/2001/XMLSchema-instance" xsi:noNamespaceSchemaLocation="https://maven.apache.org/surefire/maven-surefire-plugin/xsd/surefire-test-report.xsd" version="3.0.1" name="hn.gabo.uno_junit_app.AppTest" time="0.133" tests="1" errors="0" skipped="0" failures="0">
  <properties>
[...]
</properties>
  <testcase name="probandolasumap1" classname="hn.gabo.uno_junit_app.AppTest" time="0.001">
    <system-out><![CDATA[Se acaba de imprimir método SetUpClass
]]></system-out>
  </testcase>
</testsuite>